C:\USERS\BAILE_000\DOCUMENTS\MYO-SDK-WIN-0.8.1\MYO-SDK-WIN-0.8.1\SAMPLES\X64\DEBUG\MYOGUYO.OBJ
C:\USERS\BAILE_000\DOCUMENTS\MYO-SDK-WIN-0.8.1\MYO-SDK-WIN-0.8.1\SAMPLES\X64\DEBUG\.NETFRAMEWORK,VERSION=V4.0.ASSEMBLYATTRIBUTES.OBJ
C:\USERS\BAILE_000\DOCUMENTS\MYO-SDK-WIN-0.8.1\MYO-SDK-WIN-0.8.1\SAMPLES\X64\DEBUG\VC110.PDB
C:\USERS\BAILE_000\DOCUMENTS\MYO-SDK-WIN-0.8.1\MYO-SDK-WIN-0.8.1\SAMPLES\X64\DEBUG\MYONAZZ.OBJ
C:\USERS\BAILE_000\DOCUMENTS\MYO-SDK-WIN-0.8.1\MYO-SDK-WIN-0.8.1\SAMPLES\X64\DEBUG\HELLO-MYO.OBJ
C:\Users\baile_000\Documents\myo-sdk-win-0.8.1\myo-sdk-win-0.8.1\samples\x64\Debug\myoNazz.resources
C:\USERS\BAILE_000\DOCUMENTS\MYO-SDK-WIN-0.8.1\MYO-SDK-WIN-0.8.1\SAMPLES\X64\DEBUG\HELLO-MYO-VISUALSTUDIO2013.ILK
C:\USERS\BAILE_000\DOCUMENTS\MYO-SDK-WIN-0.8.1\MYO-SDK-WIN-0.8.1\SAMPLES\X64\DEBUG\HELLO-MYO-VISUALSTUDIO2013.EXE
C:\USERS\BAILE_000\DOCUMENTS\MYO-SDK-WIN-0.8.1\MYO-SDK-WIN-0.8.1\SAMPLES\X64\DEBUG\HELLO-MYO-VISUALSTUDIO2013.PDB
C:\Users\baile_000\Documents\myo-sdk-win-0.8.1\myo-sdk-win-0.8.1\samples\x64\Debug\hello-myo-VisualStudio2013.vcxproj.GenerateResource.Cache
C:\Users\baile_000\Documents\myo-sdk-win-0.8.1\myo-sdk-win-0.8.1\samples\x64\Debug\hello-myo-VisualStudio2013.vcxprojResolveAssemblyReference.cache
C:\Users\baile_000\Documents\myo-sdk-win-0.8.1\myo-sdk-win-0.8.1\samples\x64\Debug\.NETFramework,Version=v4.0.AssemblyAttributes.obj
C:\Users\baile_000\Documents\myo-sdk-win-0.8.1\myo-sdk-win-0.8.1\samples\x64\Debug\hello-myo.obj
C:\Users\baile_000\Documents\myo-sdk-win-0.8.1\myo-sdk-win-0.8.1\samples\x64\Debug\myoguyo.obj
C:\Users\baile_000\Documents\myo-sdk-win-0.8.1\myo-sdk-win-0.8.1\samples\x64\Debug\myoNazz.obj
C:\Users\baile_000\Documents\myo-sdk-win-0.8.1\myo-sdk-win-0.8.1\samples\x64\Debug\hello-myo-VisualStudio2013.ilk
C:\Users\baile_000\Documents\myo-sdk-win-0.8.1\myo-sdk-win-0.8.1\samples\x64\Debug\cl.command.1.tlog
C:\Users\baile_000\Documents\myo-sdk-win-0.8.1\myo-sdk-win-0.8.1\samples\x64\Debug\CL.read.1.tlog
C:\Users\baile_000\Documents\myo-sdk-win-0.8.1\myo-sdk-win-0.8.1\samples\x64\Debug\CL.write.1.tlog
C:\Users\baile_000\Documents\myo-sdk-win-0.8.1\myo-sdk-win-0.8.1\samples\x64\Debug\hello-myo-VisualStudio2013.write.1.tlog
C:\Users\baile_000\Documents\myo-sdk-win-0.8.1\myo-sdk-win-0.8.1\samples\x64\Debug\link.1392-cvtres.read.1.tlog
C:\Users\baile_000\Documents\myo-sdk-win-0.8.1\myo-sdk-win-0.8.1\samples\x64\Debug\link.1392-cvtres.write.1.tlog
C:\Users\baile_000\Documents\myo-sdk-win-0.8.1\myo-sdk-win-0.8.1\samples\x64\Debug\link.1392-rc.read.1.tlog
C:\Users\baile_000\Documents\myo-sdk-win-0.8.1\myo-sdk-win-0.8.1\samples\x64\Debug\link.1392-rc.write.1.tlog
C:\Users\baile_000\Documents\myo-sdk-win-0.8.1\myo-sdk-win-0.8.1\samples\x64\Debug\link.1392.read.1.tlog
C:\Users\baile_000\Documents\myo-sdk-win-0.8.1\myo-sdk-win-0.8.1\samples\x64\Debug\link.1392.write.1.tlog
C:\Users\baile_000\Documents\myo-sdk-win-0.8.1\myo-sdk-win-0.8.1\samples\x64\Debug\link.1744-cvtres.read.1.tlog
C:\Users\baile_000\Documents\myo-sdk-win-0.8.1\myo-sdk-win-0.8.1\samples\x64\Debug\link.1744-cvtres.write.1.tlog
C:\Users\baile_000\Documents\myo-sdk-win-0.8.1\myo-sdk-win-0.8.1\samples\x64\Debug\link.1744-rc.read.1.tlog
C:\Users\baile_000\Documents\myo-sdk-win-0.8.1\myo-sdk-win-0.8.1\samples\x64\Debug\link.1744-rc.write.1.tlog
C:\Users\baile_000\Documents\myo-sdk-win-0.8.1\myo-sdk-win-0.8.1\samples\x64\Debug\link.1744.read.1.tlog
C:\Users\baile_000\Documents\myo-sdk-win-0.8.1\myo-sdk-win-0.8.1\samples\x64\Debug\link.1744.write.1.tlog
C:\Users\baile_000\Documents\myo-sdk-win-0.8.1\myo-sdk-win-0.8.1\samples\x64\Debug\link.1888-cvtres.read.1.tlog
C:\Users\baile_000\Documents\myo-sdk-win-0.8.1\myo-sdk-win-0.8.1\samples\x64\Debug\link.1888-cvtres.write.1.tlog
C:\Users\baile_000\Documents\myo-sdk-win-0.8.1\myo-sdk-win-0.8.1\samples\x64\Debug\link.1888-rc.read.1.tlog
C:\Users\baile_000\Documents\myo-sdk-win-0.8.1\myo-sdk-win-0.8.1\samples\x64\Debug\link.1888-rc.write.1.tlog
C:\Users\baile_000\Documents\myo-sdk-win-0.8.1\myo-sdk-win-0.8.1\samples\x64\Debug\link.1888.read.1.tlog
C:\Users\baile_000\Documents\myo-sdk-win-0.8.1\myo-sdk-win-0.8.1\samples\x64\Debug\link.1888.write.1.tlog
C:\Users\baile_000\Documents\myo-sdk-win-0.8.1\myo-sdk-win-0.8.1\samples\x64\Debug\link.484-cvtres.read.1.tlog
C:\Users\baile_000\Documents\myo-sdk-win-0.8.1\myo-sdk-win-0.8.1\samples\x64\Debug\link.484-cvtres.write.1.tlog
C:\Users\baile_000\Documents\myo-sdk-win-0.8.1\myo-sdk-win-0.8.1\samples\x64\Debug\link.484-rc.read.1.tlog
C:\Users\baile_000\Documents\myo-sdk-win-0.8.1\myo-sdk-win-0.8.1\samples\x64\Debug\link.484-rc.write.1.tlog
C:\Users\baile_000\Documents\myo-sdk-win-0.8.1\myo-sdk-win-0.8.1\samples\x64\Debug\link.484.read.1.tlog
C:\Users\baile_000\Documents\myo-sdk-win-0.8.1\myo-sdk-win-0.8.1\samples\x64\Debug\link.484.write.1.tlog
C:\Users\baile_000\Documents\myo-sdk-win-0.8.1\myo-sdk-win-0.8.1\samples\x64\Debug\link.6184-cvtres.read.1.tlog
C:\Users\baile_000\Documents\myo-sdk-win-0.8.1\myo-sdk-win-0.8.1\samples\x64\Debug\link.6184-cvtres.write.1.tlog
C:\Users\baile_000\Documents\myo-sdk-win-0.8.1\myo-sdk-win-0.8.1\samples\x64\Debug\link.6184-rc.read.1.tlog
C:\Users\baile_000\Documents\myo-sdk-win-0.8.1\myo-sdk-win-0.8.1\samples\x64\Debug\link.6184-rc.write.1.tlog
C:\Users\baile_000\Documents\myo-sdk-win-0.8.1\myo-sdk-win-0.8.1\samples\x64\Debug\link.6184.read.1.tlog
C:\Users\baile_000\Documents\myo-sdk-win-0.8.1\myo-sdk-win-0.8.1\samples\x64\Debug\link.6184.write.1.tlog
C:\Users\baile_000\Documents\myo-sdk-win-0.8.1\myo-sdk-win-0.8.1\samples\x64\Debug\link.6756-cvtres.read.1.tlog
C:\Users\baile_000\Documents\myo-sdk-win-0.8.1\myo-sdk-win-0.8.1\samples\x64\Debug\link.6756-cvtres.write.1.tlog
C:\Users\baile_000\Documents\myo-sdk-win-0.8.1\myo-sdk-win-0.8.1\samples\x64\Debug\link.6756-rc.read.1.tlog
C:\Users\baile_000\Documents\myo-sdk-win-0.8.1\myo-sdk-win-0.8.1\samples\x64\Debug\link.6756-rc.write.1.tlog
C:\Users\baile_000\Documents\myo-sdk-win-0.8.1\myo-sdk-win-0.8.1\samples\x64\Debug\link.6756.read.1.tlog
C:\Users\baile_000\Documents\myo-sdk-win-0.8.1\myo-sdk-win-0.8.1\samples\x64\Debug\link.6756.write.1.tlog
C:\Users\baile_000\Documents\myo-sdk-win-0.8.1\myo-sdk-win-0.8.1\samples\x64\Debug\link.6936-cvtres.read.1.tlog
C:\Users\baile_000\Documents\myo-sdk-win-0.8.1\myo-sdk-win-0.8.1\samples\x64\Debug\link.6936-cvtres.write.1.tlog
C:\Users\baile_000\Documents\myo-sdk-win-0.8.1\myo-sdk-win-0.8.1\samples\x64\Debug\link.6936-rc.read.1.tlog
C:\Users\baile_000\Documents\myo-sdk-win-0.8.1\myo-sdk-win-0.8.1\samples\x64\Debug\link.6936-rc.write.1.tlog
C:\Users\baile_000\Documents\myo-sdk-win-0.8.1\myo-sdk-win-0.8.1\samples\x64\Debug\link.6936.read.1.tlog
C:\Users\baile_000\Documents\myo-sdk-win-0.8.1\myo-sdk-win-0.8.1\samples\x64\Debug\link.6936.write.1.tlog
C:\Users\baile_000\Documents\myo-sdk-win-0.8.1\myo-sdk-win-0.8.1\samples\x64\Debug\link.7044-cvtres.read.1.tlog
C:\Users\baile_000\Documents\myo-sdk-win-0.8.1\myo-sdk-win-0.8.1\samples\x64\Debug\link.7044-cvtres.write.1.tlog
C:\Users\baile_000\Documents\myo-sdk-win-0.8.1\myo-sdk-win-0.8.1\samples\x64\Debug\link.7044-rc.read.1.tlog
C:\Users\baile_000\Documents\myo-sdk-win-0.8.1\myo-sdk-win-0.8.1\samples\x64\Debug\link.7044-rc.write.1.tlog
C:\Users\baile_000\Documents\myo-sdk-win-0.8.1\myo-sdk-win-0.8.1\samples\x64\Debug\link.7044.read.1.tlog
C:\Users\baile_000\Documents\myo-sdk-win-0.8.1\myo-sdk-win-0.8.1\samples\x64\Debug\link.7044.write.1.tlog
C:\Users\baile_000\Documents\myo-sdk-win-0.8.1\myo-sdk-win-0.8.1\samples\x64\Debug\link.996-cvtres.read.1.tlog
C:\Users\baile_000\Documents\myo-sdk-win-0.8.1\myo-sdk-win-0.8.1\samples\x64\Debug\link.996-cvtres.write.1.tlog
C:\Users\baile_000\Documents\myo-sdk-win-0.8.1\myo-sdk-win-0.8.1\samples\x64\Debug\link.996-rc.read.1.tlog
C:\Users\baile_000\Documents\myo-sdk-win-0.8.1\myo-sdk-win-0.8.1\samples\x64\Debug\link.996-rc.write.1.tlog
C:\Users\baile_000\Documents\myo-sdk-win-0.8.1\myo-sdk-win-0.8.1\samples\x64\Debug\link.996.read.1.tlog
C:\Users\baile_000\Documents\myo-sdk-win-0.8.1\myo-sdk-win-0.8.1\samples\x64\Debug\link.996.write.1.tlog
C:\Users\baile_000\Documents\myo-sdk-win-0.8.1\myo-sdk-win-0.8.1\samples\x64\Debug\link.command.1.tlog
C:\Users\baile_000\Documents\myo-sdk-win-0.8.1\myo-sdk-win-0.8.1\samples\x64\Debug\link.read.1.tlog
C:\Users\baile_000\Documents\myo-sdk-win-0.8.1\myo-sdk-win-0.8.1\samples\x64\Debug\link.write.1.tlog
C:\Users\baile_000\Documents\myo-sdk-win-0.8.1\myo-sdk-win-0.8.1\samples\x64\Debug\metagen.read.1.tlog
C:\Users\baile_000\Documents\myo-sdk-win-0.8.1\myo-sdk-win-0.8.1\samples\x64\Debug\metagen.write.1.tlog
C:\Users\baile_000\Documents\myo-sdk-win-0.8.1\myo-sdk-win-0.8.1\samples\x64\Debug\hello-myo-VisualStudio2013.pdb
C:\Users\baile_000\Documents\myo-sdk-win-0.8.1\myo-sdk-win-0.8.1\samples\x64\Debug\vc110.pdb
C:\Users\baile_000\Documents\myo-sdk-win-0.8.1\myo-sdk-win-0.8.1\samples\x64\Debug\hello-myo-VisualStudio2013.exe.metagen
C:\Users\baile_000\Documents\myo-sdk-win-0.8.1\myo-sdk-win-0.8.1\samples\x64\Debug\TZRES.DLL.bi
C:\Users\baile_000\Documents\myo-sdk-win-0.8.1\myo-sdk-win-0.8.1\samples\x64\Debug\hello-myo-VisualStudio2013.exe
