C:\USERS\BAILE_000\DOCUMENTS\MYO-SDK-WIN-0.8.1\MYO-SDK-WIN-0.8.1\SAMPLES\X64\DEBUG\MYONAZZ.OBJ
C:\USERS\BAILE_000\DOCUMENTS\MYO-SDK-WIN-0.8.1\MYO-SDK-WIN-0.8.1\SAMPLES\X64\DEBUG\HELLO-MYO.OBJ
C:\USERS\BAILE_000\DOCUMENTS\MYO-SDK-WIN-0.8.1\MYO-SDK-WIN-0.8.1\SAMPLES\X64\DEBUG\VC110.PDB
C:\USERS\BAILE_000\DOCUMENTS\MYO-SDK-WIN-0.8.1\MYO-SDK-WIN-0.8.1\SAMPLES\X64\DEBUG\.NETFRAMEWORK,VERSION=V4.0.ASSEMBLYATTRIBUTES.OBJ
C:\Users\baile_000\Documents\myo-sdk-win-0.8.1\myo-sdk-win-0.8.1\samples\x64\Debug\myoNazz.resources
C:\Users\baile_000\Documents\myo-sdk-win-0.8.1\myo-sdk-win-0.8.1\samples\x64\Debug\hello-myo-VisualStudio2012.vcxproj.GenerateResource.Cache
C:\Users\baile_000\Documents\myo-sdk-win-0.8.1\myo-sdk-win-0.8.1\samples\x64\Debug\.NETFramework,Version=v4.0.AssemblyAttributes.obj
C:\Users\baile_000\Documents\myo-sdk-win-0.8.1\myo-sdk-win-0.8.1\samples\x64\Debug\hello-myo.obj
C:\Users\baile_000\Documents\myo-sdk-win-0.8.1\myo-sdk-win-0.8.1\samples\x64\Debug\myoNazz.obj
C:\Users\baile_000\Documents\myo-sdk-win-0.8.1\myo-sdk-win-0.8.1\samples\x64\Debug\cl.command.1.tlog
C:\Users\baile_000\Documents\myo-sdk-win-0.8.1\myo-sdk-win-0.8.1\samples\x64\Debug\CL.read.1.tlog
C:\Users\baile_000\Documents\myo-sdk-win-0.8.1\myo-sdk-win-0.8.1\samples\x64\Debug\CL.write.1.tlog
C:\Users\baile_000\Documents\myo-sdk-win-0.8.1\myo-sdk-win-0.8.1\samples\x64\Debug\hello-myo-VisualStudio2012.write.1.tlog
C:\Users\baile_000\Documents\myo-sdk-win-0.8.1\myo-sdk-win-0.8.1\samples\x64\Debug\link.command.1.tlog
C:\Users\baile_000\Documents\myo-sdk-win-0.8.1\myo-sdk-win-0.8.1\samples\x64\Debug\link.read.1.tlog
C:\Users\baile_000\Documents\myo-sdk-win-0.8.1\myo-sdk-win-0.8.1\samples\x64\Debug\link.write.1.tlog
C:\Users\baile_000\Documents\myo-sdk-win-0.8.1\myo-sdk-win-0.8.1\samples\x64\Debug\metagen.read.1.tlog
C:\Users\baile_000\Documents\myo-sdk-win-0.8.1\myo-sdk-win-0.8.1\samples\x64\Debug\metagen.write.1.tlog
C:\Users\baile_000\Documents\myo-sdk-win-0.8.1\myo-sdk-win-0.8.1\samples\x64\Debug\hello-myo.pdb
C:\Users\baile_000\Documents\myo-sdk-win-0.8.1\myo-sdk-win-0.8.1\samples\x64\Debug\vc110.pdb
C:\Users\baile_000\Documents\myo-sdk-win-0.8.1\myo-sdk-win-0.8.1\samples\x64\Debug\TZRES.DLL.bi
C:\Users\baile_000\Documents\myo-sdk-win-0.8.1\myo-sdk-win-0.8.1\samples\x64\Debug\hello-myo.exe
